TN:
SF:src/async.js
FN:1,(anonymous_0)
FN:2,(anonymous_1)
FN:3,(anonymous_2)
FN:14,(anonymous_3)
FNF:4
FNH:4
FNDA:6,(anonymous_0)
FNDA:6,(anonymous_1)
FNDA:6,(anonymous_2)
FNDA:3,(anonymous_3)
DA:1,3
DA:2,6
DA:3,6
DA:4,6
DA:5,5
DA:7,1
DA:14,3
DA:15,3
DA:16,1
LF:9
LH:9
BRDA:4,0,0,5
BRDA:4,0,1,1
BRF:2
BRH:2
end_of_record
TN:
SF:src/database.js
FN:1,(anonymous_0)
FN:6,(anonymous_1)
FNF:2
FNH:0
FNDA:0,(anonymous_0)
FNDA:0,(anonymous_1)
DA:1,2
DA:3,0
DA:6,2
DA:8,0
LF:4
LH:2
BRF:0
BRH:0
end_of_record
TN:
SF:src/exception.js
FN:5,(anonymous_0)
FNF:1
FNH:1
FNDA:4,(anonymous_0)
DA:5,1
DA:6,4
DA:7,3
DA:9,1
LF:4
LH:4
BRDA:6,0,0,3
BRDA:6,0,1,1
BRF:2
BRH:2
end_of_record
TN:
SF:src/product-service.js
FN:4,(anonymous_0)
FN:8,(anonymous_1)
FNF:2
FNH:2
FNDA:1,(anonymous_0)
FNDA:1,(anonymous_1)
DA:5,1
DA:9,1
LF:2
LH:2
BRF:0
BRH:0
end_of_record
TN:
SF:src/sayHello.js
FN:1,(anonymous_0)
FNF:1
FNH:1
FNDA:2,(anonymous_0)
DA:1,1
DA:2,2
DA:3,1
DA:5,1
LF:4
LH:4
BRDA:2,0,0,1
BRDA:2,0,1,1
BRF:2
BRH:2
end_of_record
TN:
SF:src/sum.js
FN:1,(anonymous_0)
FN:5,(anonymous_1)
FN:13,(anonymous_2)
FN:22,(anonymous_3)
FNF:4
FNH:4
FNDA:5,(anonymous_0)
FNDA:4,(anonymous_1)
FNDA:4,(anonymous_2)
FNDA:4,(anonymous_3)
DA:1,6
DA:2,5
DA:5,6
DA:6,4
DA:7,4
DA:8,14
DA:10,4
DA:13,6
DA:14,4
DA:15,4
DA:16,16
DA:19,4
DA:22,6
DA:23,4
DA:24,4
DA:25,15
DA:28,4
LF:17
LH:17
BRF:0
BRH:0
end_of_record
